Flow report for MIC1
Fri Jan 17 15:01:22 2025
Quartus II 32-bit Version 13.0.1 Build 232 06/12/2013 Service Pack 1 SJ Web Edition


---------------------
; Table of Contents ;
---------------------
  1. Legal Notice
  2. Flow Summary
  3. Flow Settings
  4. Flow Non-Default Global Settings
  5. Flow Elapsed Time
  6. Flow OS Summary
  7. Flow Log
  8. Flow Messages
  9. Flow Suppressed Messages



----------------
; Legal Notice ;
----------------
Copyright (C) 1991-2013 Altera Corporation
Your use of Altera Corporation's design tools, logic functions 
and other software and tools, and its AMPP partner logic 
functions, and any output files from any of the foregoing 
(including device programming or simulation files), and any 
associated documentation or information are expressly subject 
to the terms and conditions of the Altera Program License 
Subscription Agreement, Altera MegaCore Function License 
Agreement, or other applicable license agreement, including, 
without limitation, that your use is for the sole purpose of 
programming logic devices manufactured by Altera and sold by 
Altera or its authorized distributors.  Please refer to the 
applicable agreement for further details.



+--------------------------------------------------------------------------------------+
; Flow Summary                                                                         ;
+------------------------------------+-------------------------------------------------+
; Flow Status                        ; Successful - Fri Jan 17 15:01:22 2025           ;
; Quartus II 32-bit Version          ; 13.0.1 Build 232 06/12/2013 SP 1 SJ Web Edition ;
; Revision Name                      ; MIC1                                            ;
; Top-level Entity Name              ; MIC1                                            ;
; Family                             ; Cyclone II                                      ;
; Total logic elements               ; 586 / 14,448 ( 4 % )                            ;
;     Total combinational functions  ; 463 / 14,448 ( 3 % )                            ;
;     Dedicated logic registers      ; 317 / 14,448 ( 2 % )                            ;
; Total registers                    ; 317                                             ;
; Total pins                         ; 184 / 315 ( 58 % )                              ;
; Total virtual pins                 ; 0                                               ;
; Total memory bits                  ; 51,200 / 239,616 ( 21 % )                       ;
; Embedded Multiplier 9-bit elements ; 0 / 52 ( 0 % )                                  ;
; Total PLLs                         ; 0 / 4 ( 0 % )                                   ;
; Device                             ; EP2C15AF484C6                                   ;
; Timing Models                      ; Final                                           ;
+------------------------------------+-------------------------------------------------+


+-----------------------------------------+
; Flow Settings                           ;
+-------------------+---------------------+
; Option            ; Setting             ;
+-------------------+---------------------+
; Start date & time ; 01/17/2025 15:00:26 ;
; Main task         ; Compilation         ;
; Revision Name     ; MIC1                ;
+-------------------+---------------------+


+--------------------------------------------------------------------------------------------------------------------------------------------+
; Flow Non-Default Global Settings                                                                                                           ;
+-------------------------------------+-------------------------------------------------------+---------------+-------------+----------------+
; Assignment Name                     ; Value                                                 ; Default Value ; Entity Name ; Section Id     ;
+-------------------------------------+-------------------------------------------------------+---------------+-------------+----------------+
; COMPILER_SIGNATURE_ID               ; 925258687203.173713682507704                          ; --            ; --          ; --             ;
; EDA_GENERATE_FUNCTIONAL_NETLIST     ; Off                                                   ; --            ; --          ; eda_simulation ;
; EDA_NETLIST_WRITER_OUTPUT_DIR       ; C:/Users/joaqu/Documents/MIC1-1/MIC1/simulation/qsim/ ; --            ; --          ; eda_simulation ;
; EDA_OUTPUT_DATA_FORMAT              ; Verilog Hdl                                           ; --            ; --          ; eda_simulation ;
; EDA_SIMULATION_TOOL                 ; ModelSim-Altera (Verilog)                             ; <None>        ; --          ; --             ;
; EDA_TIME_SCALE                      ; 1 ps                                                  ; --            ; --          ; eda_simulation ;
; IP_TOOL_NAME                        ; ROM: 1-PORT                                           ; --            ; --          ; --             ;
; IP_TOOL_NAME                        ; LPM_MUX                                               ; --            ; --          ; --             ;
; IP_TOOL_NAME                        ; RAM: 2-PORT                                           ; --            ; --          ; --             ;
; IP_TOOL_VERSION                     ; 13.0                                                  ; --            ; --          ; --             ;
; IP_TOOL_VERSION                     ; 13.1                                                  ; --            ; --          ; --             ;
; IP_TOOL_VERSION                     ; 13.0                                                  ; --            ; --          ; --             ;
; MISC_FILE                           ; CONTROL_STORE.bsf                                     ; --            ; --          ; --             ;
; MISC_FILE                           ; CONTROL_STORE.cmp                                     ; --            ; --          ; --             ;
; MISC_FILE                           ; lpm_mux0.bsf                                          ; --            ; --          ; --             ;
; MISC_FILE                           ; lpm_mux0.cmp                                          ; --            ; --          ; --             ;
; MISC_FILE                           ; RAM.bsf                                               ; --            ; --          ; --             ;
; MISC_FILE                           ; RAM.cmp                                               ; --            ; --          ; --             ;
; PARTITION_COLOR                     ; 16764057                                              ; --            ; --          ; Top            ;
; PARTITION_FITTER_PRESERVATION_LEVEL ; PLACEMENT_AND_ROUTING                                 ; --            ; --          ; Top            ;
; PARTITION_NETLIST_TYPE              ; SOURCE                                                ; --            ; --          ; Top            ;
+-------------------------------------+-------------------------------------------------------+---------------+-------------+----------------+


+-------------------------------------------------------------------------------------------------------------------------------+
; Flow Elapsed Time                                                                                                             ;
+---------------------------+--------------+-------------------------+---------------------+------------------------------------+
; Module Name               ; Elapsed Time ; Average Processors Used ; Peak Virtual Memory ; Total CPU Time (on all processors) ;
+---------------------------+--------------+-------------------------+---------------------+------------------------------------+
; Analysis & Synthesis      ; 00:00:03     ; 1.0                     ; 406 MB              ; 00:00:01                           ;
; Fitter                    ; 00:00:06     ; 1.0                     ; 471 MB              ; 00:00:04                           ;
; Assembler                 ; 00:00:01     ; 1.0                     ; 371 MB              ; 00:00:00                           ;
; TimeQuest Timing Analyzer ; 00:00:00     ; 1.0                     ; 331 MB              ; 00:00:01                           ;
; EDA Netlist Writer        ; 00:00:01     ; 1.0                     ; 324 MB              ; 00:00:00                           ;
; EDA Netlist Writer        ; 00:00:00     ; 1.0                     ; 329 MB              ; 00:00:00                           ;
; EDA Netlist Writer        ; 00:00:01     ; 1.0                     ; 332 MB              ; 00:00:00                           ;
; Total                     ; 00:00:12     ; --                      ; --                  ; 00:00:06                           ;
+---------------------------+--------------+-------------------------+---------------------+------------------------------------+


+----------------------------------------------------------------------------------------+
; Flow OS Summary                                                                        ;
+---------------------------+------------------+-----------+------------+----------------+
; Module Name               ; Machine Hostname ; OS Name   ; OS Version ; Processor type ;
+---------------------------+------------------+-----------+------------+----------------+
; Analysis & Synthesis      ; Joaquim          ; Windows 7 ; 6.2        ; x86_64         ;
; Fitter                    ; Joaquim          ; Windows 7 ; 6.2        ; x86_64         ;
; Assembler                 ; Joaquim          ; Windows 7 ; 6.2        ; x86_64         ;
; TimeQuest Timing Analyzer ; Joaquim          ; Windows 7 ; 6.2        ; x86_64         ;
; EDA Netlist Writer        ; Joaquim          ; Windows 7 ; 6.2        ; x86_64         ;
; EDA Netlist Writer        ; Joaquim          ; Windows 7 ; 6.2        ; x86_64         ;
; EDA Netlist Writer        ; Joaquim          ; Windows 7 ; 6.2        ; x86_64         ;
+---------------------------+------------------+-----------+------------+----------------+


------------
; Flow Log ;
------------
quartus_map --read_settings_files=on --write_settings_files=off MIC1 -c MIC1
quartus_fit --read_settings_files=off --write_settings_files=off MIC1 -c MIC1
quartus_asm --read_settings_files=off --write_settings_files=off MIC1 -c MIC1
quartus_sta MIC1 -c MIC1
quartus_eda --read_settings_files=off --write_settings_files=off MIC1 -c MIC1
quartus_eda --gen_testbench --check_outputs=on --tool=modelsim_oem --format=verilog MIC1 -c MIC1 --vector_source="C:/Users/joaqu/Documents/MIC1-1/MIC1/MIC1_recursive_sum (1).vwf" --testbench_file=./simulation/qsim/MIC1.vt
quartus_eda --functional=off --timescale=1ps --simulation=on --tool=modelsim_oem --format=verilog MIC1 -c MIC1



